#
# There is insufficient memory for the Java Runtime Environment to continue.
# Native memory allocation (malloc) failed to allocate 1048576 bytes for AllocateHeap
# Possible reasons:
#   The system is out of physical RAM or swap space
#   The process is running with CompressedOops enabled, and the Java Heap may be blocking the growth of the native heap
# Possible solutions:
#   Reduce memory load on the system
#   Increase physical memory or swap space
#   Check if swap backing store is full
#   Decrease Java heap size (-Xmx/-Xms)
#   Decrease number of Java threads
#   Decrease Java thread stack sizes (-Xss)
#   Set larger code cache with -XX:ReservedCodeCacheSize=
#   JVM is running with Zero Based Compressed Oops mode in which the Java heap is
#     placed in the first 32GB address space. The Java Heap base address is the
#     maximum limit for the native heap growth. Please use -XX:HeapBaseMinAddress
#     to set the Java Heap base and to place the Java Heap above 32GB virtual address.
# This output file may be truncated or incomplete.
#
#  Out of Memory Error (memory/allocation.inline.hpp:61), pid=11088, tid=0x000000000000629c
#
# JRE version:  (8.0_211-b12) (build )
# Java VM: Java HotSpot(TM) 64-Bit Server VM (25.211-b12 mixed mode windows-amd64 compressed oops)
# Failed to write core dump. Minidumps are not enabled by default on client versions of Windows
#

---------------  T H R E A D  ---------------

Current thread (0x00000000029fe800):  JavaThread "Unknown thread" [_thread_in_vm, id=25244, stack(0x0000000002a00000,0x0000000002b00000)]

Stack: [0x0000000002a00000,0x0000000002b00000]
[error occurred during error reporting (printing stack bounds), id 0xc0000005]

Native frames: (J=compiled Java code, j=interpreted, Vv=VM code, C=native code)


---------------  P R O C E S S  ---------------

Java Threads: ( => current thread )

Other Threads:

=>0x00000000029fe800 (exited) JavaThread "Unknown thread" [_thread_in_vm, id=25244, stack(0x0000000002a00000,0x0000000002b00000)]

VM state:not at safepoint (normal execution)

VM Mutex/Monitor currently owned by a thread: None

heap address: 0x0000000480000000, size: 13312 MB, Compressed Oops mode: Zero based, Oop shift amount: 3
Narrow klass base: 0x0000000000000000, Narrow klass shift: 3
Compressed class space size: 1073741824 Address: 0x00000007c0000000

Heap:
 PSYoungGen      total 3975680K, used 68157K [0x00000006aab00000, 0x00000007c0000000, 0x00000007c0000000)
  eden space 3407872K, 2% used [0x00000006aab00000,0x00000006aed8f5d0,0x000000077ab00000)
  from space 567808K, 0% used [0x000000079d580000,0x000000079d580000,0x00000007c0000000)
  to   space 567808K, 0% used [0x000000077ab00000,0x000000077ab00000,0x000000079d580000)
 ParOldGen       total 9088000K, used 0K [0x0000000480000000, 0x00000006aab00000, 0x00000006aab00000)
  object space 9088000K, 0% used [0x0000000480000000,0x0000000480000000,0x00000006aab00000)
 Metaspace       used 775K, capacity 4480K, committed 4480K, reserved 1056768K
  class space    used 76K, capacity 384K, committed 384K, reserved 1048576K

Card table byte_map: [0x00000000120d0000,0x0000000013ae0000] byte_map_base: 0x000000000fcd0000

Marking Bits: (ParMarkBitMap*) 0x000000005b5b5ce0
 Begin Bits: [0x0000000015440000, 0x0000000022440000)
 End Bits:   [0x0000000022440000, 0x000000002f440000)

Polling page: 0x00000000008f0000

CodeCache: size=245760Kb used=328Kb max_used=328Kb free=245431Kb
 bounds [0x0000000002d10000, 0x0000000002f80000, 0x0000000011d10000]
 total_blobs=58 nmethods=0 adapters=38
 compilation: enabled

Compilation events (0 events):
No events

GC Heap History (0 events):
No events

Deoptimization events (0 events):
No events

Classes redefined (0 events):
No events

Internal exceptions (0 events):
No events

Events (10 events):
Event: 0.094 loading class java/lang/Short
Event: 0.094 loading class java/lang/Short done
Event: 0.094 loading class java/lang/Integer
Event: 0.094 loading class java/lang/Integer done
Event: 0.094 loading class java/lang/Long
Event: 0.094 loading class java/lang/Long done
Event: 0.095 loading class java/lang/NullPointerException
Event: 0.095 loading class java/lang/NullPointerException done
Event: 0.095 loading class java/lang/ArithmeticException
Event: 0.095 loading class java/lang/ArithmeticException done


Dynamic libraries:
0x00007ff7b4e80000 - 0x00007ff7b4eb7000 	E:\jdk8\bin\java.exe
0x00007ff841820000 - 0x00007ff841a10000 	C:\WINDOWS\SYSTEM32\ntdll.dll
0x00007ff840800000 - 0x00007ff8408b2000 	C:\WINDOWS\System32\KERNEL32.DLL
0x00007ff83f630000 - 0x00007ff83f8d2000 	C:\WINDOWS\System32\KERNELBASE.dll
0x00007ff841170000 - 0x00007ff841213000 	C:\WINDOWS\System32\ADVAPI32.dll
0x00007ff840760000 - 0x00007ff8407fe000 	C:\WINDOWS\System32\msvcrt.dll
0x00007ff83f8f0000 - 0x00007ff83f987000 	C:\WINDOWS\System32\sechost.dll
0x00007ff8414b0000 - 0x00007ff8415d0000 	C:\WINDOWS\System32\RPCRT4.dll
0x00007ff840140000 - 0x00007ff8402d3000 	C:\WINDOWS\System32\USER32.dll
0x00007ff83f0b0000 - 0x00007ff83f0d1000 	C:\WINDOWS\System32\win32u.dll
0x00007ff841220000 - 0x00007ff841246000 	C:\WINDOWS\System32\GDI32.dll
0x00007ff83f3a0000 - 0x00007ff83f534000 	C:\WINDOWS\System32\gdi32full.dll
0x00007ff83f540000 - 0x00007ff83f5de000 	C:\WINDOWS\System32\msvcp_win.dll
0x00007ff83f240000 - 0x00007ff83f33a000 	C:\WINDOWS\System32\ucrtbase.dll
0x00007ff831440000 - 0x00007ff8316c5000 	C:\WINDOWS\WinSxS\amd64_microsoft.windows.common-controls_6595b64144ccf1df_6.0.18362.30_none_a1435978519dce7f\COMCTL32.dll
0x00007ff840370000 - 0x00007ff8406a6000 	C:\WINDOWS\System32\combase.dll
0x00007ff83f100000 - 0x00007ff83f181000 	C:\WINDOWS\System32\bcryptPrimitives.dll
0x00007ff840990000 - 0x00007ff8409be000 	C:\WINDOWS\System32\IMM32.DLL
0x000000005b970000 - 0x000000005ba42000 	E:\jdk8\jre\bin\msvcr100.dll
0x000000005ad90000 - 0x000000005b635000 	E:\jdk8\jre\bin\server\jvm.dll
0x00007ff83f8e0000 - 0x00007ff83f8e8000 	C:\WINDOWS\System32\PSAPI.DLL
0x00007ff83c8a0000 - 0x00007ff83c8c4000 	C:\WINDOWS\SYSTEM32\WINMM.dll
0x00007ff82d470000 - 0x00007ff82d479000 	C:\WINDOWS\SYSTEM32\WSOCK32.dll
0x00007ff839e70000 - 0x00007ff839e7a000 	C:\WINDOWS\SYSTEM32\VERSION.dll
0x00007ff840a80000 - 0x00007ff840aef000 	C:\WINDOWS\System32\WS2_32.dll
0x00007ff83c870000 - 0x00007ff83c89d000 	C:\WINDOWS\SYSTEM32\WINMMBASE.dll
0x00007ff83f5e0000 - 0x00007ff83f62a000 	C:\WINDOWS\System32\cfgmgr32.dll
0x00007ff830a00000 - 0x00007ff830a0f000 	E:\jdk8\jre\bin\verify.dll
0x00007ff830050000 - 0x00007ff830079000 	E:\jdk8\jre\bin\java.dll
0x00007ff8340a0000 - 0x00007ff8340c3000 	E:\jdk8\jre\bin\instrument.dll
0x00007ff830770000 - 0x00007ff830786000 	E:\jdk8\jre\bin\zip.dll

VM Arguments:
jvm_args: -Xms13g -XX:+PrintGCDetails -javaagent:E:\IntelliJ IDEA 2019.3.3\lib\idea_rt.jar=52597:E:\IntelliJ IDEA 2019.3.3\bin -Dfile.encoding=UTF-8 
java_command: Test
java_class_path (initial): E:\jdk8\jre\lib\charsets.jar;E:\jdk8\jre\lib\deploy.jar;E:\jdk8\jre\lib\ext\access-bridge-64.jar;E:\jdk8\jre\lib\ext\cldrdata.jar;E:\jdk8\jre\lib\ext\dnsns.jar;E:\jdk8\jre\lib\ext\jaccess.jar;E:\jdk8\jre\lib\ext\jfxrt.jar;E:\jdk8\jre\lib\ext\localedata.jar;E:\jdk8\jre\lib\ext\nashorn.jar;E:\jdk8\jre\lib\ext\sunec.jar;E:\jdk8\jre\lib\ext\sunjce_provider.jar;E:\jdk8\jre\lib\ext\sunmscapi.jar;E:\jdk8\jre\lib\ext\sunpkcs11.jar;E:\jdk8\jre\lib\ext\zipfs.jar;E:\jdk8\jre\lib\javaws.jar;E:\jdk8\jre\lib\jce.jar;E:\jdk8\jre\lib\jfr.jar;E:\jdk8\jre\lib\jfxswt.jar;E:\jdk8\jre\lib\jsse.jar;E:\jdk8\jre\lib\management-agent.jar;E:\jdk8\jre\lib\plugin.jar;E:\jdk8\jre\lib\resources.jar;E:\jdk8\jre\lib\rt.jar;E:\project\newfile\zp-concurrent-lib\target\classes;E:\IntelliJ IDEA 2019.3.3\lib\idea_rt.jar
Launcher Type: SUN_STANDARD

Environment Variables:
JAVA_HOME=E:\jdk8
PATH=C:\Program Files (x86)\IBM\RationalSDLC\common;C:\Program Files\Intel\iCLS Client\;C:\WINDOWS\system32;C:\WINDOWS;C:\WINDOWS\System32\Wbem;C:\WINDOWS\System32\WindowsPowerShell\v1.0\;C:\WINDOWS\System32\OpenSSH\;C:\Program Files (x86)\Intel\Intel(R) Management Engine Components\DAL;C:\Program Files\Intel\Intel(R) Management Engine Components\DAL;D:\Git\cmd;E:\apache-maven-3.6.1\bin;C:\Program Files (x86)\IBM\RationalSDLC\ClearCase\bin;C:\Program Files (x86)\IBM\gsk8\lib;C:\Program Files (x86)\IBM\gsk8\bin;C:\Program Files (x86)\IBM\RationalSDLC\ClearCase\RemoteClient\cteapis;E:\apache-tomcat-9.0.22\bin;C:\Program Files\nodejs\;E:\jdk8\bin;C:\Users\hz08947\AppData\Local\Programs\Python\Python37\Scripts\;C:\Users\hz08947\AppData\Local\Programs\Python\Python37\;C:\Users\hz08947\AppData\Local\Microsoft\WindowsApps;E:\jdk8\bin;
USERNAME=HZ08947
OS=Windows_NT
PROCESSOR_IDENTIFIER=Intel64 Family 6 Model 158 Stepping 9, GenuineIntel



---------------  S Y S T E M  ---------------

OS: Windows 10.0 , 64 bit Build 18362 (10.0.18362.1)

CPU:total 8 (initial active 8) (4 cores per cpu, 2 threads per core) family 6 model 158 stepping 9, cmov, cx8, fxsr, mmx, sse, sse2, sse3, ssse3, sse4.1, sse4.2, popcnt, avx, avx2, aes, clmul, erms, rtm, 3dnowpref, lzcnt, ht, tsc, tscinvbit, bmi1, bmi2, adx

Memory: 4k page, physical 24866412k(12126136k free), swap 44370664k(145812k free)

vm_info: Java HotSpot(TM) 64-Bit Server VM (25.211-b12) for windows-amd64 JRE (1.8.0_211-b12), built on Apr  1 2019 20:53:26 by "java_re" with MS VC++ 10.0 (VS2010)

time: Wed Nov 11 19:32:05 2020
timezone: 中国标准时间
elapsed time: 0 seconds (0d 0h 0m 0s)

